2025-10-10 03:52:59,490 - INFO - ==================================================
2025-10-10 03:52:59,490 - INFO - IP信息收集器启动
2025-10-10 03:52:59,490 - INFO - 配置参数:
2025-10-10 03:52:59,490 - INFO -   输入目录: ./ips/{port}/
2025-10-10 03:52:59,491 - INFO -   输出目录: ./ip-info/{port}/
2025-10-10 03:52:59,491 - INFO -   批处理大小: 100
2025-10-10 03:52:59,491 - INFO -   最大重试次数: 3
2025-10-10 03:52:59,491 - INFO -   工作线程数: 5
2025-10-10 03:52:59,491 - INFO -   处理国家: HK, JP, KR, SG, US
2025-10-10 03:52:59,491 - INFO -   每个国家最大记录数: 10
2025-10-10 03:52:59,491 - INFO -   处理端口: 443
2025-10-10 03:52:59,491 - INFO -   IP检测启用: True
2025-10-10 03:52:59,491 - INFO -   检测方法: port
2025-10-10 03:52:59,491 - INFO -   检测端口: 443
2025-10-10 03:52:59,491 - INFO -   检测超时: 2.0秒
2025-10-10 03:52:59,491 - INFO -   检测线程数: 50
2025-10-10 03:52:59,491 - INFO - ==================================================
2025-10-10 03:52:59,491 - INFO - 开始处理端口 443
2025-10-10 03:52:59,491 - INFO - 扫描端口 443 目录: ./ips/443/
2025-10-10 03:52:59,491 - INFO - 从 ./ips/443/ID.txt 读取了 6 个IP
2025-10-10 03:52:59,491 - INFO - 从 ./ips/443/AU.txt 读取了 8 个IP
2025-10-10 03:52:59,491 - INFO - 从 ./ips/443/CH.txt 读取了 41 个IP
2025-10-10 03:52:59,492 - INFO - 从 ./ips/443/CA.txt 读取了 120 个IP
2025-10-10 03:52:59,492 - INFO - 从 ./ips/443/ES.txt 读取了 9 个IP
2025-10-10 03:52:59,492 - INFO - 从 ./ips/443/NL.txt 读取了 511 个IP
2025-10-10 03:52:59,492 - INFO - 从 ./ips/443/SE.txt 读取了 178 个IP
2025-10-10 03:52:59,492 - INFO - 从 ./ips/443/IN.txt 读取了 3 个IP
2025-10-10 03:52:59,492 - INFO - 从 ./ips/443/TH.txt 读取了 1 个IP
2025-10-10 03:52:59,492 - INFO - 从 ./ips/443/FR.txt 读取了 163 个IP
2025-10-10 03:52:59,493 - INFO - 从 ./ips/443/GB.txt 读取了 235 个IP
2025-10-10 03:52:59,493 - INFO - 从 ./ips/443/RS.txt 读取了 1 个IP
2025-10-10 03:52:59,493 - INFO - 从 ./ips/443/EE.txt 读取了 31 个IP
2025-10-10 03:52:59,493 - INFO - 从 ./ips/443/PL.txt 读取了 20 个IP
2025-10-10 03:52:59,493 - INFO - 从 ./ips/443/BE.txt 读取了 1 个IP
2025-10-10 03:52:59,493 - INFO - 从 ./ips/443/CZ.txt 读取了 2 个IP
2025-10-10 03:52:59,493 - INFO - 从 ./ips/443/BG.txt 读取了 6 个IP
2025-10-10 03:52:59,493 - INFO - 从 ./ips/443/LV.txt 读取了 8 个IP
2025-10-10 03:52:59,493 - INFO - 从 ./ips/443/FRU.txt 读取了 1 个IP
2025-10-10 03:52:59,493 - INFO - 从 ./ips/443/TR.txt 读取了 4 个IP
2025-10-10 03:52:59,494 - INFO - 从 ./ips/443/ALL.txt 读取了 3839 个IP
2025-10-10 03:52:59,494 - INFO - 从 ./ips/443/JP.txt 读取了 75 个IP
2025-10-10 03:52:59,494 - INFO - 从 ./ips/443/KR.txt 读取了 42 个IP
2025-10-10 03:52:59,494 - INFO - 从 ./ips/443/CL.txt 读取了 1 个IP
2025-10-10 03:52:59,495 - INFO - 从 ./ips/443/SG.txt 读取了 317 个IP
2025-10-10 03:52:59,495 - INFO - 从 ./ips/443/BR.txt 读取了 2 个IP
2025-10-10 03:52:59,495 - INFO - 从 ./ips/443/HK.txt 读取了 11 个IP
2025-10-10 03:52:59,495 - INFO - 从 ./ips/443/IL.txt 读取了 1 个IP
2025-10-10 03:52:59,495 - INFO - 从 ./ips/443/RU.txt 读取了 6 个IP
2025-10-10 03:52:59,495 - INFO - 从 ./ips/443/DE.txt 读取了 1405 个IP
2025-10-10 03:52:59,495 - INFO - 从 ./ips/443/IT.txt 读取了 14 个IP
2025-10-10 03:52:59,496 - INFO - 从 ./ips/443/MY.txt 读取了 3 个IP
2025-10-10 03:52:59,496 - INFO - 从 ./ips/443/US.txt 读取了 578 个IP
2025-10-10 03:52:59,496 - INFO - 从 ./ips/443/FI.txt 读取了 37 个IP
2025-10-10 03:52:59,496 - INFO - 收集到 7680 个IP地址，去重后: 3839
2025-10-10 03:53:00,115 - ERROR - 请求错误: ('Connection aborted.', ConnectionResetError(104, 'Connection reset by peer'))
2025-10-10 03:53:00,118 - ERROR - 请求错误: ('Connection aborted.', ConnectionResetError(104, 'Connection reset by peer'))
2025-10-10 03:53:00,118 - ERROR - 请求错误: ('Connection aborted.', ConnectionResetError(104, 'Connection reset by peer'))
2025-10-10 03:53:00,122 - WARNING - API速率受限，等待 10 秒后重试...
2025-10-10 03:53:00,132 - ERROR - 请求错误: ('Connection aborted.', ConnectionResetError(104, 'Connection reset by peer'))
2025-10-10 03:53:02,139 - ERROR - 请求错误: ('Connection aborted.', ConnectionResetError(104, 'Connection reset by peer'))
2025-10-10 03:53:02,182 - ERROR - 请求错误: ('Connection aborted.', ConnectionResetError(104, 'Connection reset by peer'))
2025-10-10 03:53:02,183 - ERROR - 请求错误: ('Connection aborted.', ConnectionResetError(104, 'Connection reset by peer'))
2025-10-10 03:53:02,187 - ERROR - 请求错误: ('Connection aborted.', ConnectionResetError(104, 'Connection reset by peer'))
2025-10-10 03:53:04,203 - ERROR - 请求错误: ('Connection aborted.', ConnectionResetError(104, 'Connection reset by peer'))
2025-10-10 03:53:04,332 - ERROR - 请求错误: ('Connection aborted.', ConnectionResetError(104, 'Connection reset by peer'))
2025-10-10 03:53:04,333 - ERROR - 请求错误: ('Connection aborted.', ConnectionResetError(104, 'Connection reset by peer'))
2025-10-10 03:53:04,349 - ERROR - 请求错误: ('Connection aborted.', ConnectionResetError(104, 'Connection reset by peer'))
2025-10-10 03:53:06,205 - ERROR - 经过 3 次重试后仍失败
2025-10-10 03:53:06,261 - ERROR - 请求错误: ('Connection aborted.', ConnectionResetError(104, 'Connection reset by peer'))
2025-10-10 03:53:06,334 - ERROR - 经过 3 次重试后仍失败
2025-10-10 03:53:06,335 - ERROR - 经过 3 次重试后仍失败
2025-10-10 03:53:06,350 - ERROR - 经过 3 次重试后仍失败
2025-10-10 03:53:06,372 - ERROR - 请求错误: ('Connection aborted.', ConnectionResetError(104, 'Connection reset by peer'))
2025-10-10 03:53:06,372 - ERROR - 请求错误: ('Connection aborted.', ConnectionResetError(104, 'Connection reset by peer'))
2025-10-10 03:53:06,406 - ERROR - 请求错误: ('Connection aborted.', ConnectionResetError(104, 'Connection reset by peer'))
2025-10-10 03:53:08,302 - ERROR - 请求错误: ('Connection aborted.', ConnectionResetError(104, 'Connection reset by peer'))
2025-10-10 03:53:08,428 - ERROR - 请求错误: ('Connection aborted.', ConnectionResetError(104, 'Connection reset by peer'))
2025-10-10 03:53:08,428 - ERROR - 请求错误: ('Connection aborted.', ConnectionResetError(104, 'Connection reset by peer'))
2025-10-10 03:53:08,445 - ERROR - 请求错误: ('Connection aborted.', ConnectionResetError(104, 'Connection reset by peer'))
2025-10-10 03:53:10,189 - ERROR - 请求错误: ('Connection aborted.', ConnectionResetError(104, 'Connection reset by peer'))
2025-10-10 03:53:10,342 - ERROR - 请求错误: ('Connection aborted.', ConnectionResetError(104, 'Connection reset by peer'))
2025-10-10 03:53:10,468 - ERROR - 请求错误: ('Connection aborted.', ConnectionResetError(104, 'Connection reset by peer'))
2025-10-10 03:53:10,468 - ERROR - 请求错误: ('Connection aborted.', ConnectionResetError(104, 'Connection reset by peer'))
2025-10-10 03:53:10,489 - ERROR - 请求错误: ('Connection aborted.', ConnectionResetError(104, 'Connection reset by peer'))
2025-10-10 03:53:12,229 - ERROR - 请求错误: ('Connection aborted.', ConnectionResetError(104, 'Connection reset by peer'))
2025-10-10 03:53:12,342 - ERROR - 经过 3 次重试后仍失败
2025-10-10 03:53:12,433 - ERROR - 请求错误: ('Connection aborted.', ConnectionResetError(104, 'Connection reset by peer'))
2025-10-10 03:53:12,470 - ERROR - 经过 3 次重试后仍失败
2025-10-10 03:53:12,471 - ERROR - 经过 3 次重试后仍失败
2025-10-10 03:53:12,491 - ERROR - 经过 3 次重试后仍失败
2025-10-10 03:53:14,231 - ERROR - 经过 3 次重试后仍失败
2025-10-10 03:53:14,508 - ERROR - 请求错误: ('Connection aborted.', ConnectionResetError(104, 'Connection reset by peer'))
2025-10-10 03:53:16,588 - ERROR - 请求错误: ('Connection aborted.', ConnectionResetError(104, 'Connection reset by peer'))
2025-10-10 03:53:18,590 - ERROR - 经过 3 次重试后仍失败
2025-10-10 03:53:18,594 - INFO - 开始检测 2900 个IP的可用性 (方法: port)
2025-10-10 03:53:49,101 - INFO - 有效IP数量: 2266/2900
2025-10-10 03:53:49,103 - INFO - 保存 AL 的 6 个有效IP到 ./ip-info/443/AL.txt
2025-10-10 03:53:49,104 - INFO - 保存 AL 的详细信息到 ./ip-info/443/AL_info.csv
2025-10-10 03:53:49,105 - INFO - 保存 AT 的 2 个有效IP到 ./ip-info/443/AT.txt
2025-10-10 03:53:49,105 - INFO - 保存 AT 的详细信息到 ./ip-info/443/AT_info.csv
2025-10-10 03:53:49,106 - INFO - 保存 AU 的 6 个有效IP到 ./ip-info/443/AU.txt
2025-10-10 03:53:49,106 - INFO - 保存 AU 的详细信息到 ./ip-info/443/AU_info.csv
2025-10-10 03:53:49,107 - INFO - 保存 BR 的 1 个有效IP到 ./ip-info/443/BR.txt
2025-10-10 03:53:49,107 - INFO - 保存 BR 的详细信息到 ./ip-info/443/BR_info.csv
2025-10-10 03:53:49,108 - INFO - 保存 CA 的 82 个有效IP到 ./ip-info/443/CA.txt
2025-10-10 03:53:49,108 - INFO - 保存 CA 的详细信息到 ./ip-info/443/CA_info.csv
2025-10-10 03:53:49,109 - INFO - 保存 CH 的 9 个有效IP到 ./ip-info/443/CH.txt
2025-10-10 03:53:49,109 - INFO - 保存 CH 的详细信息到 ./ip-info/443/CH_info.csv
2025-10-10 03:53:49,110 - INFO - 保存 CY 的 1 个有效IP到 ./ip-info/443/CY.txt
2025-10-10 03:53:49,110 - INFO - 保存 CY 的详细信息到 ./ip-info/443/CY_info.csv
2025-10-10 03:53:49,111 - INFO - 保存 CZ 的 2 个有效IP到 ./ip-info/443/CZ.txt
2025-10-10 03:53:49,111 - INFO - 保存 CZ 的详细信息到 ./ip-info/443/CZ_info.csv
2025-10-10 03:53:49,112 - INFO - 保存 DE 的 944 个有效IP到 ./ip-info/443/DE.txt
2025-10-10 03:53:49,115 - INFO - 保存 DE 的详细信息到 ./ip-info/443/DE_info.csv
2025-10-10 03:53:49,116 - INFO - 保存 EE 的 1 个有效IP到 ./ip-info/443/EE.txt
2025-10-10 03:53:49,116 - INFO - 保存 EE 的详细信息到 ./ip-info/443/EE_info.csv
2025-10-10 03:53:49,117 - INFO - 保存 ES 的 2 个有效IP到 ./ip-info/443/ES.txt
2025-10-10 03:53:49,117 - INFO - 保存 ES 的详细信息到 ./ip-info/443/ES_info.csv
2025-10-10 03:53:49,118 - INFO - 保存 FI 的 154 个有效IP到 ./ip-info/443/FI.txt
2025-10-10 03:53:49,118 - INFO - 保存 FI 的详细信息到 ./ip-info/443/FI_info.csv
2025-10-10 03:53:49,119 - INFO - 保存 FR 的 107 个有效IP到 ./ip-info/443/FR.txt
2025-10-10 03:53:49,120 - INFO - 保存 FR 的详细信息到 ./ip-info/443/FR_info.csv
2025-10-10 03:53:49,120 - INFO - 保存 GB 的 126 个有效IP到 ./ip-info/443/GB.txt
2025-10-10 03:53:49,121 - INFO - 保存 GB 的详细信息到 ./ip-info/443/GB_info.csv
2025-10-10 03:53:49,122 - INFO - 保存 GR 的 4 个有效IP到 ./ip-info/443/GR.txt
2025-10-10 03:53:49,122 - INFO - 保存 GR 的详细信息到 ./ip-info/443/GR_info.csv
2025-10-10 03:53:49,123 - INFO - 保存 HK 的 9 个有效IP到 ./ip-info/443/HK.txt
2025-10-10 03:53:49,123 - INFO - 保存 HK 的详细信息到 ./ip-info/443/HK_info.csv
2025-10-10 03:53:49,124 - INFO - 保存 ID 的 7 个有效IP到 ./ip-info/443/ID.txt
2025-10-10 03:53:49,124 - INFO - 保存 ID 的详细信息到 ./ip-info/443/ID_info.csv
2025-10-10 03:53:49,125 - INFO - 保存 IL 的 1 个有效IP到 ./ip-info/443/IL.txt
2025-10-10 03:53:49,125 - INFO - 保存 IL 的详细信息到 ./ip-info/443/IL_info.csv
2025-10-10 03:53:49,126 - INFO - 保存 IN 的 2 个有效IP到 ./ip-info/443/IN.txt
2025-10-10 03:53:49,126 - INFO - 保存 IN 的详细信息到 ./ip-info/443/IN_info.csv
2025-10-10 03:53:49,127 - INFO - 保存 JP 的 32 个有效IP到 ./ip-info/443/JP.txt
2025-10-10 03:53:49,127 - INFO - 保存 JP 的详细信息到 ./ip-info/443/JP_info.csv
2025-10-10 03:53:49,128 - INFO - 保存 KR 的 51 个有效IP到 ./ip-info/443/KR.txt
2025-10-10 03:53:49,128 - INFO - 保存 KR 的详细信息到 ./ip-info/443/KR_info.csv
2025-10-10 03:53:49,129 - INFO - 保存 KZ 的 1 个有效IP到 ./ip-info/443/KZ.txt
2025-10-10 03:53:49,129 - INFO - 保存 KZ 的详细信息到 ./ip-info/443/KZ_info.csv
2025-10-10 03:53:49,130 - INFO - 保存 LV 的 7 个有效IP到 ./ip-info/443/LV.txt
2025-10-10 03:53:49,130 - INFO - 保存 LV 的详细信息到 ./ip-info/443/LV_info.csv
2025-10-10 03:53:49,131 - INFO - 保存 MY 的 3 个有效IP到 ./ip-info/443/MY.txt
2025-10-10 03:53:49,131 - INFO - 保存 MY 的详细信息到 ./ip-info/443/MY_info.csv
2025-10-10 03:53:49,132 - INFO - 保存 NL 的 254 个有效IP到 ./ip-info/443/NL.txt
2025-10-10 03:53:49,133 - INFO - 保存 NL 的详细信息到 ./ip-info/443/NL_info.csv
2025-10-10 03:53:49,134 - INFO - 保存 PL 的 9 个有效IP到 ./ip-info/443/PL.txt
2025-10-10 03:53:49,134 - INFO - 保存 PL 的详细信息到 ./ip-info/443/PL_info.csv
2025-10-10 03:53:49,135 - INFO - 保存 RU 的 13 个有效IP到 ./ip-info/443/RU.txt
2025-10-10 03:53:49,135 - INFO - 保存 RU 的详细信息到 ./ip-info/443/RU_info.csv
2025-10-10 03:53:49,136 - INFO - 保存 SE 的 12 个有效IP到 ./ip-info/443/SE.txt
2025-10-10 03:53:49,136 - INFO - 保存 SE 的详细信息到 ./ip-info/443/SE_info.csv
2025-10-10 03:53:49,137 - INFO - 保存 SG 的 62 个有效IP到 ./ip-info/443/SG.txt
2025-10-10 03:53:49,137 - INFO - 保存 SG 的详细信息到 ./ip-info/443/SG_info.csv
2025-10-10 03:53:49,138 - INFO - 保存 TH 的 1 个有效IP到 ./ip-info/443/TH.txt
2025-10-10 03:53:49,138 - INFO - 保存 TH 的详细信息到 ./ip-info/443/TH_info.csv
2025-10-10 03:53:49,139 - INFO - 保存 TR 的 3 个有效IP到 ./ip-info/443/TR.txt
2025-10-10 03:53:49,139 - INFO - 保存 TR 的详细信息到 ./ip-info/443/TR_info.csv
2025-10-10 03:53:49,140 - INFO - 保存 US 的 352 个有效IP到 ./ip-info/443/US.txt
2025-10-10 03:53:49,141 - INFO - 保存 US 的详细信息到 ./ip-info/443/US_info.csv
2025-10-10 03:53:49,141 - INFO - 已创建标记文件: ./ip-info/443/HK_marked.txt (包含 9 条记录)
2025-10-10 03:53:49,142 - INFO - 已创建标记文件: ./ip-info/443/JP_marked.txt (包含 10 条记录)
2025-10-10 03:53:49,142 - INFO - 已创建标记文件: ./ip-info/443/KR_marked.txt (包含 10 条记录)
2025-10-10 03:53:49,142 - INFO - 已创建标记文件: ./ip-info/443/SG_marked.txt (包含 10 条记录)
2025-10-10 03:53:49,142 - INFO - 已创建标记文件: ./ip-info/443/US_marked.txt (包含 10 条记录)
2025-10-10 03:53:49,142 - INFO - 端口 443 处理完成
2025-10-10 03:53:49,142 - INFO - 所有处理完成!
